{"/home/katelyn/full-stack-open/part4/bloglist/src/App.jsx": {"path":"/home/katelyn/full-stack-open/part4/bloglist/src/App.jsx","statementMap":{"0":{"start":{"line":7,"column":12},"end":{"line":138,"column":null}},"1":{"start":{"line":8,"column":28},"end":{"line":8,"column":null}},"2":{"start":{"line":9,"column":26},"end":{"line":9,"column":null}},"3":{"start":{"line":10,"column":34},"end":{"line":10,"column":null}},"4":{"start":{"line":11,"column":34},"end":{"line":11,"column":null}},"5":{"start":{"line":12,"column":32},"end":{"line":12,"column":null}},"6":{"start":{"line":14,"column":22},"end":{"line":14,"column":null}},"7":{"start":{"line":16,"column":2},"end":{"line":27,"column":null}},"8":{"start":{"line":17,"column":21},"end":{"line":17,"column":null}},"9":{"start":{"line":19,"column":4},"end":{"line":22,"column":5}},"10":{"start":{"line":20,"column":23},"end":{"line":20,"column":null}},"11":{"start":{"line":21,"column":6},"end":{"line":21,"column":null}},"12":{"start":{"line":24,"column":4},"end":{"line":26,"column":null}},"13":{"start":{"line":25,"column":6},"end":{"line":25,"column":null}},"14":{"start":{"line":25,"column":44},"end":{"line":25,"column":69}},"15":{"start":{"line":29,"column":22},"end":{"line":44,"column":null}},"16":{"start":{"line":30,"column":4},"end":{"line":30,"column":null}},"17":{"start":{"line":32,"column":4},"end":{"line":40,"column":null}},"18":{"start":{"line":33,"column":23},"end":{"line":33,"column":null}},"19":{"start":{"line":34,"column":6},"end":{"line":34,"column":null}},"20":{"start":{"line":36,"column":6},"end":{"line":36,"column":null}},"21":{"start":{"line":38,"column":6},"end":{"line":38,"column":null}},"22":{"start":{"line":39,"column":6},"end":{"line":39,"column":null}},"23":{"start":{"line":39,"column":23},"end":{"line":39,"column":39}},"24":{"start":{"line":42,"column":4},"end":{"line":42,"column":null}},"25":{"start":{"line":43,"column":4},"end":{"line":43,"column":null}},"26":{"start":{"line":46,"column":23},"end":{"line":49,"column":null}},"27":{"start":{"line":47,"column":4},"end":{"line":47,"column":null}},"28":{"start":{"line":48,"column":4},"end":{"line":48,"column":null}},"29":{"start":{"line":51,"column":23},"end":{"line":64,"column":null}},"30":{"start":{"line":52,"column":4},"end":{"line":63,"column":null}},"31":{"start":{"line":53,"column":26},"end":{"line":53,"column":null}},"32":{"start":{"line":55,"column":23},"end":{"line":55,"column":null}},"33":{"start":{"line":55,"column":46},"end":{"line":55,"column":93}},"34":{"start":{"line":57,"column":6},"end":{"line":57,"column":null}},"35":{"start":{"line":57,"column":47},"end":{"line":57,"column":72}},"36":{"start":{"line":58,"column":6},"end":{"line":58,"column":null}},"37":{"start":{"line":59,"column":6},"end":{"line":59,"column":null}},"38":{"start":{"line":59,"column":23},"end":{"line":59,"column":39}},"39":{"start":{"line":61,"column":6},"end":{"line":61,"column":null}},"40":{"start":{"line":62,"column":6},"end":{"line":62,"column":null}},"41":{"start":{"line":62,"column":23},"end":{"line":62,"column":39}},"42":{"start":{"line":66,"column":25},"end":{"line":80,"column":null}},"43":{"start":{"line":67,"column":4},"end":{"line":77,"column":null}},"44":{"start":{"line":68,"column":22},"end":{"line":68,"column":null}},"45":{"start":{"line":70,"column":6},"end":{"line":70,"column":null}},"46":{"start":{"line":72,"column":6},"end":{"line":72,"column":null}},"47":{"start":{"line":73,"column":6},"end":{"line":73,"column":null}},"48":{"start":{"line":73,"column":23},"end":{"line":73,"column":39}},"49":{"start":{"line":75,"column":6},"end":{"line":75,"column":null}},"50":{"start":{"line":76,"column":6},"end":{"line":76,"column":null}},"51":{"start":{"line":76,"column":23},"end":{"line":76,"column":39}},"52":{"start":{"line":79,"column":4},"end":{"line":79,"column":null}},"53":{"start":{"line":82,"column":23},"end":{"line":93,"column":null}},"54":{"start":{"line":83,"column":4},"end":{"line":92,"column":null}},"55":{"start":{"line":84,"column":19},"end":{"line":84,"column":null}},"56":{"start":{"line":84,"column":38},"end":{"line":84,"column":null}},"57":{"start":{"line":85,"column":6},"end":{"line":85,"column":null}},"58":{"start":{"line":86,"column":6},"end":{"line":86,"column":null}},"59":{"start":{"line":86,"column":41},"end":{"line":86,"column":null}},"60":{"start":{"line":87,"column":6},"end":{"line":87,"column":null}},"61":{"start":{"line":88,"column":6},"end":{"line":88,"column":null}},"62":{"start":{"line":88,"column":23},"end":{"line":88,"column":39}},"63":{"start":{"line":90,"column":6},"end":{"line":90,"column":null}},"64":{"start":{"line":91,"column":6},"end":{"line":91,"column":null}},"65":{"start":{"line":91,"column":23},"end":{"line":91,"column":39}},"66":{"start":{"line":107,"column":35},"end":{"line":107,"column":null}},"67":{"start":{"line":114,"column":35},"end":{"line":114,"column":null}},"68":{"start":{"line":124,"column":12},"end":{"line":125,"column":null}}},"fnMap":{"0":{"name":"(anonymous_0)","decl":{"start":{"line":7,"column":12},"end":{"line":7,"column":18}},"loc":{"start":{"line":7,"column":18},"end":{"line":138,"column":null}}},"1":{"name":"(anonymous_1)","decl":{"start":{"line":16,"column":12},"end":{"line":16,"column":18}},"loc":{"start":{"line":16,"column":18},"end":{"line":27,"column":5}}},"2":{"name":"(anonymous_2)","decl":{"start":{"line":24,"column":30},"end":{"line":24,"column":39}},"loc":{"start":{"line":24,"column":39},"end":{"line":26,"column":null}}},"3":{"name":"(anonymous_3)","decl":{"start":{"line":25,"column":26},"end":{"line":25,"column":27}},"loc":{"start":{"line":25,"column":44},"end":{"line":25,"column":69}}},"4":{"name":"(anonymous_4)","decl":{"start":{"line":29,"column":22},"end":{"line":29,"column":29}},"loc":{"start":{"line":29,"column":39},"end":{"line":44,"column":null}}},"5":{"name":"(anonymous_5)","decl":{"start":{"line":39,"column":17},"end":{"line":39,"column":23}},"loc":{"start":{"line":39,"column":23},"end":{"line":39,"column":39}}},"6":{"name":"(anonymous_6)","decl":{"start":{"line":46,"column":23},"end":{"line":46,"column":29}},"loc":{"start":{"line":46,"column":29},"end":{"line":49,"column":null}}},"7":{"name":"(anonymous_7)","decl":{"start":{"line":51,"column":23},"end":{"line":51,"column":30}},"loc":{"start":{"line":51,"column":49},"end":{"line":64,"column":null}}},"8":{"name":"(anonymous_8)","decl":{"start":{"line":55,"column":38},"end":{"line":55,"column":46}},"loc":{"start":{"line":55,"column":46},"end":{"line":55,"column":93}}},"9":{"name":"(anonymous_9)","decl":{"start":{"line":57,"column":29},"end":{"line":57,"column":30}},"loc":{"start":{"line":57,"column":47},"end":{"line":57,"column":72}}},"10":{"name":"(anonymous_10)","decl":{"start":{"line":59,"column":17},"end":{"line":59,"column":23}},"loc":{"start":{"line":59,"column":23},"end":{"line":59,"column":39}}},"11":{"name":"(anonymous_11)","decl":{"start":{"line":62,"column":17},"end":{"line":62,"column":23}},"loc":{"start":{"line":62,"column":23},"end":{"line":62,"column":39}}},"12":{"name":"(anonymous_12)","decl":{"start":{"line":66,"column":25},"end":{"line":66,"column":32}},"loc":{"start":{"line":66,"column":47},"end":{"line":80,"column":null}}},"13":{"name":"(anonymous_13)","decl":{"start":{"line":73,"column":17},"end":{"line":73,"column":23}},"loc":{"start":{"line":73,"column":23},"end":{"line":73,"column":39}}},"14":{"name":"(anonymous_14)","decl":{"start":{"line":76,"column":17},"end":{"line":76,"column":23}},"loc":{"start":{"line":76,"column":23},"end":{"line":76,"column":39}}},"15":{"name":"(anonymous_15)","decl":{"start":{"line":82,"column":23},"end":{"line":82,"column":30}},"loc":{"start":{"line":82,"column":37},"end":{"line":93,"column":null}}},"16":{"name":"(anonymous_16)","decl":{"start":{"line":84,"column":30},"end":{"line":84,"column":38}},"loc":{"start":{"line":84,"column":38},"end":{"line":84,"column":null}}},"17":{"name":"(anonymous_17)","decl":{"start":{"line":86,"column":33},"end":{"line":86,"column":41}},"loc":{"start":{"line":86,"column":41},"end":{"line":86,"column":null}}},"18":{"name":"(anonymous_18)","decl":{"start":{"line":88,"column":17},"end":{"line":88,"column":23}},"loc":{"start":{"line":88,"column":23},"end":{"line":88,"column":39}}},"19":{"name":"(anonymous_19)","decl":{"start":{"line":91,"column":17},"end":{"line":91,"column":23}},"loc":{"start":{"line":91,"column":23},"end":{"line":91,"column":39}}},"20":{"name":"(anonymous_20)","decl":{"start":{"line":107,"column":24},"end":{"line":107,"column":25}},"loc":{"start":{"line":107,"column":35},"end":{"line":107,"column":null}}},"21":{"name":"(anonymous_21)","decl":{"start":{"line":114,"column":24},"end":{"line":114,"column":25}},"loc":{"start":{"line":114,"column":35},"end":{"line":114,"column":null}}},"22":{"name":"(anonymous_22)","decl":{"start":{"line":123,"column":21},"end":{"line":123,"column":null}},"loc":{"start":{"line":124,"column":12},"end":{"line":125,"column":null}}}},"branchMap":{"0":{"loc":{"start":{"line":19,"column":4},"end":{"line":22,"column":5}},"type":"if","locations":[{"start":{"line":19,"column":4},"end":{"line":22,"column":5}}]},"1":{"loc":{"start":{"line":55,"column":46},"end":{"line":55,"column":93}},"type":"cond-expr","locations":[{"start":{"line":55,"column":75},"end":{"line":55,"column":89}},{"start":{"line":55,"column":89},"end":{"line":55,"column":93}}]},"2":{"loc":{"start":{"line":97,"column":7},"end":{"line":97,"column":19}},"type":"binary-expr","locations":[{"start":{"line":97,"column":7},"end":{"line":97,"column":19}}]},"3":{"loc":{"start":{"line":98,"column":7},"end":{"line":135,"column":null}},"type":"cond-expr","locations":[{"start":{"line":99,"column":8},"end":{"line":119,"column":9}},{"start":{"line":119,"column":8},"end":{"line":135,"column":null}}]}},"s":{"0":0,"1":0,"2":0,"3":0,"4":0,"5":0,"6":0,"7":0,"8":0,"9":0,"10":0,"11":0,"12":0,"13":0,"14":0,"15":0,"16":0,"17":0,"18":0,"19":0,"20":0,"21":0,"22":0,"23":0,"24":0,"25":0,"26":0,"27":0,"28":0,"29":0,"30":0,"31":0,"32":0,"33":0,"34":0,"35":0,"36":0,"37":0,"38":0,"39":0,"40":0,"41":0,"42":0,"43":0,"44":0,"45":0,"46":0,"47":0,"48":0,"49":0,"50":0,"51":0,"52":0,"53":0,"54":0,"55":0,"56":0,"57":0,"58":0,"59":0,"60":0,"61":0,"62":0,"63":0,"64":0,"65":0,"66":0,"67":0,"68":0},"f":{"0":0,"1":0,"2":0,"3":0,"4":0,"5":0,"6":0,"7":0,"8":0,"9":0,"10":0,"11":0,"12":0,"13":0,"14":0,"15":0,"16":0,"17":0,"18":0,"19":0,"20":0,"21":0,"22":0},"b":{"0":[0],"1":[0,0],"2":[0],"3":[0,0]}}
,"/home/katelyn/full-stack-open/part4/bloglist/src/components/Blog.jsx": {"path":"/home/katelyn/full-stack-open/part4/bloglist/src/components/Blog.jsx","statementMap":{"0":{"start":{"line":52,"column":0},"end":{"line":52,"column":15}},"1":{"start":{"line":1,"column":25},"end":{"line":1,"column":null}},"2":{"start":{"line":2,"column":22},"end":{"line":2,"column":null}},"3":{"start":{"line":4,"column":13},"end":{"line":43,"column":null}},"4":{"start":{"line":5,"column":32},"end":{"line":5,"column":null}},"5":{"start":{"line":7,"column":23},"end":{"line":9,"column":null}},"6":{"start":{"line":8,"column":4},"end":{"line":8,"column":null}},"7":{"start":{"line":11,"column":23},"end":{"line":19,"column":null}},"8":{"start":{"line":12,"column":4},"end":{"line":18,"column":null}},"9":{"start":{"line":21,"column":23},"end":{"line":25,"column":null}},"10":{"start":{"line":22,"column":4},"end":{"line":24,"column":5}},"11":{"start":{"line":23,"column":6},"end":{"line":23,"column":null}},"12":{"start":{"line":45,"column":0},"end":{"line":50,"column":null}},"13":{"start":{"line":52,"column":15},"end":{"line":52,"column":null}}},"fnMap":{"0":{"name":"(anonymous_0)","decl":{"start":{"line":52,"column":0},"end":{"line":52,"column":15}},"loc":{"start":{"line":52,"column":0},"end":{"line":52,"column":15}}},"1":{"name":"(anonymous_2)","decl":{"start":{"line":4,"column":13},"end":{"line":4,"column":14}},"loc":{"start":{"line":4,"column":57},"end":{"line":43,"column":null}}},"2":{"name":"(anonymous_3)","decl":{"start":{"line":7,"column":23},"end":{"line":7,"column":29}},"loc":{"start":{"line":7,"column":29},"end":{"line":9,"column":null}}},"3":{"name":"(anonymous_4)","decl":{"start":{"line":11,"column":23},"end":{"line":11,"column":29}},"loc":{"start":{"line":11,"column":29},"end":{"line":19,"column":null}}},"4":{"name":"(anonymous_5)","decl":{"start":{"line":21,"column":23},"end":{"line":21,"column":29}},"loc":{"start":{"line":21,"column":29},"end":{"line":25,"column":null}}}},"branchMap":{"0":{"loc":{"start":{"line":22,"column":4},"end":{"line":24,"column":5}},"type":"if","locations":[{"start":{"line":22,"column":4},"end":{"line":24,"column":5}}]},"1":{"loc":{"start":{"line":31,"column":65},"end":{"line":31,"column":90}},"type":"cond-expr","locations":[{"start":{"line":31,"column":75},"end":{"line":31,"column":84}},{"start":{"line":31,"column":84},"end":{"line":31,"column":90}}]},"2":{"loc":{"start":{"line":33,"column":7},"end":{"line":33,"column":null}},"type":"binary-expr","locations":[{"start":{"line":33,"column":7},"end":{"line":33,"column":null}}]},"3":{"loc":{"start":{"line":38,"column":11},"end":{"line":38,"column":47}},"type":"binary-expr","locations":[{"start":{"line":38,"column":11},"end":{"line":38,"column":47}}]}},"s":{"0":3,"1":1,"2":1,"3":1,"4":5,"5":5,"6":2,"7":5,"8":2,"9":5,"10":0,"11":0,"12":1,"13":1},"f":{"0":3,"1":5,"2":2,"3":2,"4":0},"b":{"0":[0],"1":[2,3],"2":[5],"3":[2]}}
,"/home/katelyn/full-stack-open/part4/bloglist/src/components/BlogForm.jsx": {"path":"/home/katelyn/full-stack-open/part4/bloglist/src/components/BlogForm.jsx","statementMap":{"0":{"start":{"line":41,"column":0},"end":{"line":41,"column":15}},"1":{"start":{"line":1,"column":37},"end":{"line":1,"column":null}},"2":{"start":{"line":2,"column":22},"end":{"line":2,"column":null}},"3":{"start":{"line":3,"column":19},"end":{"line":3,"column":null}},"4":{"start":{"line":5,"column":17},"end":{"line":33,"column":null}},"5":{"start":{"line":6,"column":28},"end":{"line":6,"column":null}},"6":{"start":{"line":7,"column":30},"end":{"line":7,"column":null}},"7":{"start":{"line":8,"column":24},"end":{"line":8,"column":null}},"8":{"start":{"line":10,"column":18},"end":{"line":18,"column":null}},"9":{"start":{"line":11,"column":4},"end":{"line":11,"column":null}},"10":{"start":{"line":12,"column":4},"end":{"line":12,"column":null}},"11":{"start":{"line":15,"column":4},"end":{"line":15,"column":null}},"12":{"start":{"line":16,"column":4},"end":{"line":16,"column":null}},"13":{"start":{"line":17,"column":4},"end":{"line":17,"column":null}},"14":{"start":{"line":24,"column":73},"end":{"line":24,"column":null}},"15":{"start":{"line":26,"column":74},"end":{"line":26,"column":null}},"16":{"start":{"line":28,"column":69},"end":{"line":28,"column":null}},"17":{"start":{"line":35,"column":0},"end":{"line":37,"column":null}},"18":{"start":{"line":39,"column":0},"end":{"line":39,"column":null}},"19":{"start":{"line":41,"column":15},"end":{"line":41,"column":null}}},"fnMap":{"0":{"name":"(anonymous_0)","decl":{"start":{"line":41,"column":0},"end":{"line":41,"column":15}},"loc":{"start":{"line":41,"column":0},"end":{"line":41,"column":15}}},"1":{"name":"(anonymous_2)","decl":{"start":{"line":5,"column":28},"end":{"line":5,"column":29}},"loc":{"start":{"line":5,"column":53},"end":{"line":33,"column":null}}},"2":{"name":"(anonymous_3)","decl":{"start":{"line":10,"column":18},"end":{"line":10,"column":19}},"loc":{"start":{"line":10,"column":29},"end":{"line":18,"column":null}}},"3":{"name":"(anonymous_4)","decl":{"start":{"line":24,"column":62},"end":{"line":24,"column":63}},"loc":{"start":{"line":24,"column":73},"end":{"line":24,"column":null}}},"4":{"name":"(anonymous_5)","decl":{"start":{"line":26,"column":63},"end":{"line":26,"column":64}},"loc":{"start":{"line":26,"column":74},"end":{"line":26,"column":null}}},"5":{"name":"(anonymous_6)","decl":{"start":{"line":28,"column":58},"end":{"line":28,"column":59}},"loc":{"start":{"line":28,"column":69},"end":{"line":28,"column":null}}}},"branchMap":{},"s":{"0":1,"1":1,"2":1,"3":1,"4":1,"5":41,"6":41,"7":41,"8":41,"9":1,"10":1,"11":1,"12":1,"13":1,"14":12,"15":13,"16":14,"17":1,"18":1,"19":1},"f":{"0":1,"1":41,"2":1,"3":12,"4":13,"5":14},"b":{}}
,"/home/katelyn/full-stack-open/part4/bloglist/src/components/Toggle.jsx": {"path":"/home/katelyn/full-stack-open/part4/bloglist/src/components/Toggle.jsx","statementMap":{"0":{"start":{"line":29,"column":0},"end":{"line":29,"column":15}},"1":{"start":{"line":1,"column":58},"end":{"line":1,"column":null}},"2":{"start":{"line":2,"column":22},"end":{"line":2,"column":null}},"3":{"start":{"line":4,"column":15},"end":{"line":22,"column":null}},"4":{"start":{"line":5,"column":31},"end":{"line":5,"column":null}},"5":{"start":{"line":7,"column":22},"end":{"line":9,"column":null}},"6":{"start":{"line":8,"column":4},"end":{"line":8,"column":null}},"7":{"start":{"line":11,"column":2},"end":{"line":15,"column":null}},"8":{"start":{"line":12,"column":4},"end":{"line":14,"column":null}},"9":{"start":{"line":24,"column":0},"end":{"line":26,"column":null}},"10":{"start":{"line":28,"column":0},"end":{"line":28,"column":null}},"11":{"start":{"line":29,"column":15},"end":{"line":29,"column":null}}},"fnMap":{"0":{"name":"(anonymous_0)","decl":{"start":{"line":29,"column":0},"end":{"line":29,"column":15}},"loc":{"start":{"line":29,"column":0},"end":{"line":29,"column":15}}},"1":{"name":"(anonymous_2)","decl":{"start":{"line":4,"column":26},"end":{"line":4,"column":27}},"loc":{"start":{"line":4,"column":50},"end":{"line":22,"column":null}}},"2":{"name":"(anonymous_3)","decl":{"start":{"line":7,"column":22},"end":{"line":7,"column":28}},"loc":{"start":{"line":7,"column":28},"end":{"line":9,"column":null}}},"3":{"name":"(anonymous_4)","decl":{"start":{"line":11,"column":28},"end":{"line":11,"column":34}},"loc":{"start":{"line":11,"column":34},"end":{"line":15,"column":null}}}},"branchMap":{"0":{"loc":{"start":{"line":18,"column":7},"end":{"line":18,"column":null}},"type":"binary-expr","locations":[{"start":{"line":18,"column":7},"end":{"line":18,"column":18}},{"start":{"line":18,"column":18},"end":{"line":18,"column":null}}]},"1":{"loc":{"start":{"line":19,"column":37},"end":{"line":19,"column":62}},"type":"cond-expr","locations":[{"start":{"line":19,"column":47},"end":{"line":19,"column":56}},{"start":{"line":19,"column":56},"end":{"line":19,"column":62}}]}},"s":{"0":41,"1":1,"2":1,"3":1,"4":42,"5":42,"6":1,"7":42,"8":0,"9":1,"10":1,"11":1},"f":{"0":41,"1":42,"2":1,"3":0},"b":{"0":[42,41],"1":[41,1]}}
,"/home/katelyn/full-stack-open/part4/bloglist/src/services/blogs.js": {"path":"/home/katelyn/full-stack-open/part4/bloglist/src/services/blogs.js","statementMap":{"0":{"start":{"line":2,"column":16},"end":{"line":2,"column":null}},"1":{"start":{"line":4,"column":15},"end":{"line":7,"column":null}},"2":{"start":{"line":5,"column":19},"end":{"line":5,"column":null}},"3":{"start":{"line":6,"column":2},"end":{"line":6,"column":null}},"4":{"start":{"line":9,"column":15},"end":{"line":16,"column":null}},"5":{"start":{"line":10,"column":17},"end":{"line":12,"column":null}},"6":{"start":{"line":14,"column":19},"end":{"line":14,"column":null}},"7":{"start":{"line":15,"column":2},"end":{"line":15,"column":null}},"8":{"start":{"line":18,"column":15},"end":{"line":21,"column":null}},"9":{"start":{"line":19,"column":19},"end":{"line":19,"column":null}},"10":{"start":{"line":20,"column":2},"end":{"line":20,"column":null}},"11":{"start":{"line":23,"column":19},"end":{"line":30,"column":null}},"12":{"start":{"line":24,"column":17},"end":{"line":26,"column":null}},"13":{"start":{"line":28,"column":19},"end":{"line":28,"column":null}},"14":{"start":{"line":29,"column":2},"end":{"line":29,"column":null}}},"fnMap":{"0":{"name":"(anonymous_0)","decl":{"start":{"line":4,"column":15},"end":{"line":4,"column":27}},"loc":{"start":{"line":4,"column":27},"end":{"line":7,"column":null}}},"1":{"name":"(anonymous_1)","decl":{"start":{"line":9,"column":15},"end":{"line":9,"column":22}},"loc":{"start":{"line":9,"column":41},"end":{"line":16,"column":null}}},"2":{"name":"(anonymous_2)","decl":{"start":{"line":18,"column":15},"end":{"line":18,"column":22}},"loc":{"start":{"line":18,"column":38},"end":{"line":21,"column":null}}},"3":{"name":"(anonymous_3)","decl":{"start":{"line":23,"column":19},"end":{"line":23,"column":26}},"loc":{"start":{"line":23,"column":40},"end":{"line":30,"column":null}}}},"branchMap":{},"s":{"0":0,"1":0,"2":0,"3":0,"4":0,"5":0,"6":0,"7":0,"8":0,"9":0,"10":0,"11":0,"12":0,"13":0,"14":0},"f":{"0":0,"1":0,"2":0,"3":0},"b":{}}
,"/home/katelyn/full-stack-open/part4/bloglist/src/services/login.js": {"path":"/home/katelyn/full-stack-open/part4/bloglist/src/services/login.js","statementMap":{"0":{"start":{"line":2,"column":16},"end":{"line":2,"column":null}},"1":{"start":{"line":4,"column":14},"end":{"line":7,"column":null}},"2":{"start":{"line":5,"column":19},"end":{"line":5,"column":null}},"3":{"start":{"line":6,"column":2},"end":{"line":6,"column":null}}},"fnMap":{"0":{"name":"(anonymous_0)","decl":{"start":{"line":4,"column":14},"end":{"line":4,"column":21}},"loc":{"start":{"line":4,"column":33},"end":{"line":7,"column":null}}}},"branchMap":{},"s":{"0":0,"1":0,"2":0,"3":0},"f":{"0":0},"b":{}}
}
